#
# A fatal error has been detected by the Java Runtime Environment:
#
#  EXCEPTION_ACCESS_VIOLATION (0xc0000005) at pc=0x000000005cb68130, pid=12384, tid=0x00000000000030b8
#
# JRE version: Java(TM) SE Runtime Environment (8.0_291-b10) (build 1.8.0_291-b10)
# Java VM: Java HotSpot(TM) 64-Bit Server VM (25.291-b10 mixed mode windows-amd64 compressed oops)
# Problematic frame:
# V  [jvm.dll+0x438130]
#
# Failed to write core dump. Minidumps are not enabled by default on client versions of Windows
#
# If you would like to submit a bug report, please visit:
#   http://bugreport.java.com/bugreport/crash.jsp
#

---------------  T H R E A D  ---------------

Current thread (0x000002977e576800):  JavaThread "C2 CompilerThread2" daemon [_thread_in_native, id=12472, stack(0x000000a79d900000,0x000000a79da00000)]

siginfo: ExceptionCode=0xc0000005, reading address 0x0000029a81770f48

Registers:
RAX=0x0000000380087ed0, RBX=0x000000000800136b, RCX=0x00000297016e9050, RDX=0x0000000000000008
RSP=0x000000a79d9fae40, RBP=0x000000a79d9fb090, RSI=0x0000000000000000, RDI=0x000000a79d9fb310
R8 =0x000000a79d9faff0, R9 =0x000000000800136b, R10=0x000000005c730000, R11=0x000000a79d9faff0
R12=0x0000000000000000, R13=0x0000029700385fe0, R14=0x0000000000000001, R15=0x000000005c730000
RIP=0x000000005cb68130, EFLAGS=0x0000000000010202

Top of Stack: (sp=0x000000a79d9fae40)
0x000000a79d9fae40:   00000297016e9050 000000a79d9fb090
0x000000a79d9fae50:   0000000000000000 000000a79d9fb310
0x000000a79d9fae60:   000000a79d9faff0 000000a79d9faeb0
0x000000a79d9fae70:   00000297004cc020 00000297004cc020
0x000000a79d9fae80:   00000297005ac5f0 000000a700000014
0x000000a79d9fae90:   0000000000001b00 000022b300000000
0x000000a79d9faea0:   0000029700000008 000002970262e7c0
0x000000a79d9faeb0:   000000000000002a 000002970346ed30
0x000000a79d9faec0:   000000000000002a 00000297015f93d0
0x000000a79d9faed0:   0000000000000000 0000000000000000
0x000000a79d9faee0:   0000000000000000 0000000000000000
0x000000a79d9faef0:   0000000000000000 0000000000000000
0x000000a79d9faf00:   0000000000000000 0000000000000000
0x000000a79d9faf10:   0000000000000000 0000000000000000
0x000000a79d9faf20:   0000000000000000 0000000000000000
0x000000a79d9faf30:   0000000000000000 0000000000000000 

Instructions: (pc=0x000000005cb68130)
0x000000005cb68110:   85 db 74 13 48 6b c3 70 4c 8b cb 8b 4c 08 28 89
0x000000005cb68120:   8f c0 00 00 00 eb 13 8b d8 4c 8b c8 48 6b c0 70
0x000000005cb68130:   8b 4c 08 28 89 8f c4 00 00 00 49 8b 48 20 8b 87
0x000000005cb68140:   cc 00 00 00 49 6b d1 70 89 44 11 28 4c 8b 47 70 


Register to memory mapping:

RAX=0x0000000380087ed0 is an unknown value
RBX=0x000000000800136b is an unknown value
RCX=0x00000297016e9050 is an unknown value
RDX=0x0000000000000008 is an unknown value
RSP=0x000000a79d9fae40 is pointing into the stack for thread: 0x000002977e576800
RBP=0x000000a79d9fb090 is pointing into the stack for thread: 0x000002977e576800
RSI=0x0000000000000000 is an unknown value
RDI=0x000000a79d9fb310 is pointing into the stack for thread: 0x000002977e576800
R8 =0x000000a79d9faff0 is pointing into the stack for thread: 0x000002977e576800
R9 =0x000000000800136b is an unknown value
R10=0x000000005c730000 is an unknown value
R11=0x000000a79d9faff0 is pointing into the stack for thread: 0x000002977e576800
R12=0x0000000000000000 is an unknown value
R13=0x0000029700385fe0 is an unknown value
R14=0x0000000000000001 is an unknown value
R15=0x000000005c730000 is an unknown value


Stack: [0x000000a79d900000,0x000000a79da00000],  sp=0x000000a79d9fae40,  free space=1003k
Native frames: (J=compiled Java code, j=interpreted, Vv=VM code, C=native code)
V  [jvm.dll+0x438130]
V  [jvm.dll+0x437a71]
V  [jvm.dll+0x440855]
V  [jvm.dll+0x43fc15]
V  [jvm.dll+0x42aa57]
V  [jvm.dll+0xabeeb]
V  [jvm.dll+0xaa54b]
V  [jvm.dll+0x23db02]
V  [jvm.dll+0x29210c]
C  [ucrtbase.dll+0x21bb2]
C  [KERNEL32.DLL+0x17034]
C  [ntdll.dll+0x52651]


Current CompileTask:
C2: 190956 5013   !   4       javax.swing.JComponent::_paintImmediately (891 bytes)


---------------  P R O C E S S  ---------------

Java Threads: ( => current thread )
  0x00000297025ae800 JavaThread "tools-move-ConnectorThread-0" [_thread_blocked, id=13288, stack(0x000000a79e200000,0x000000a79e300000)]
  0x000002977e57e000 JavaThread "CanvasPaintThread-1" [_thread_blocked, id=5820, stack(0x000000a79ee00000,0x000000a79ef00000)]
  0x000002977e580000 JavaThread "SimulationTicker-1" [_thread_blocked, id=13212, stack(0x000000a79ed00000,0x000000a79ee00000)]
  0x000002977e57b000 JavaThread "PropagationManager-1" [_thread_blocked, id=12396, stack(0x000000a79ec00000,0x000000a79ed00000)]
  0x000002977e57d000 JavaThread "Swing-Shell" daemon [_thread_blocked, id=12532, stack(0x000000a79e300000,0x000000a79e400000)]
  0x000002977e57c800 JavaThread "TimerQueue" daemon [_thread_blocked, id=5764, stack(0x000000a79e800000,0x000000a79e900000)]
  0x0000029701e33800 JavaThread "CanvasPaintThread-0" [_thread_blocked, id=6296, stack(0x000000a79e700000,0x000000a79e800000)]
  0x0000029767bde800 JavaThread "DestroyJavaVM" [_thread_blocked, id=12412, stack(0x000000a79c900000,0x000000a79ca00000)]
  0x000002970030b000 JavaThread "SimulationTicker-0" [_thread_blocked, id=6336, stack(0x000000a79e600000,0x000000a79e700000)]
  0x000002970030a800 JavaThread "PropagationManager-0" [_thread_blocked, id=7196, stack(0x000000a79e500000,0x000000a79e600000)]
  0x00000297002bf800 JavaThread "AWT-EventQueue-0" [_thread_in_native, id=12644, stack(0x000000a79e100000,0x000000a79e200000)]
  0x00000297002b1800 JavaThread "AWT-Shutdown" [_thread_blocked, id=12640, stack(0x000000a79df00000,0x000000a79e000000)]
  0x000002970012e000 JavaThread "AWT-Windows" daemon [_thread_in_native, id=12520, stack(0x000000a79e000000,0x000000a79e100000)]
  0x000002970012c000 JavaThread "Java2D Disposer" daemon [_thread_blocked, id=12492, stack(0x000000a79de00000,0x000000a79df00000)]
  0x000002977fb4f000 JavaThread "Thread-0" daemon [_thread_blocked, id=12504, stack(0x000000a79dd00000,0x000000a79de00000)]
  0x000002977f82b000 JavaThread "Service Thread" daemon [_thread_blocked, id=12480, stack(0x000000a79db00000,0x000000a79dc00000)]
  0x000002977e57f800 JavaThread "C1 CompilerThread3" daemon [_thread_blocked, id=12476, stack(0x000000a79da00000,0x000000a79db00000)]
=>0x000002977e576800 JavaThread "C2 CompilerThread2" daemon [_thread_in_native, id=12472, stack(0x000000a79d900000,0x000000a79da00000)]
  0x000002977e572000 JavaThread "C2 CompilerThread1" daemon [_thread_blocked, id=12468, stack(0x000000a79d800000,0x000000a79d900000)]
  0x000002977e56d800 JavaThread "C2 CompilerThread0" daemon [_thread_blocked, id=12464, stack(0x000000a79d700000,0x000000a79d800000)]
  0x000002977e568000 JavaThread "Attach Listener" daemon [_thread_blocked, id=12460, stack(0x000000a79d600000,0x000000a79d700000)]
  0x000002977e567000 JavaThread "Signal Dispatcher" daemon [_thread_blocked, id=12456, stack(0x000000a79d500000,0x000000a79d600000)]
  0x000002977e4ea800 JavaThread "Finalizer" daemon [_thread_blocked, id=12452, stack(0x000000a79d400000,0x000000a79d500000)]
  0x000002977d8f5000 JavaThread "Reference Handler" daemon [_thread_blocked, id=12448, stack(0x000000a79d300000,0x000000a79d400000)]

Other Threads:
  0x000002977d8f2800 VMThread [stack: 0x000000a79d200000,0x000000a79d300000] [id=12444]
  0x000002977f852800 WatcherThread [stack: 0x000000a79dc00000,0x000000a79dd00000] [id=12496]

VM state:not at safepoint (normal execution)

VM Mutex/Monitor currently owned by a thread: None

heap address: 0x0000000086800000, size: 1944 MB, Compressed Oops mode: 32-bit
Narrow klass base: 0x0000000000000000, Narrow klass shift: 3
Compressed class space size: 1073741824 Address: 0x0000000100000000

Heap:
 PSYoungGen      total 32256K, used 11555K [0x00000000d7800000, 0x00000000da100000, 0x0000000100000000)
  eden space 23552K, 47% used [0x00000000d7800000,0x00000000d82e9200,0x00000000d8f00000)
  from space 8704K, 4% used [0x00000000d9880000,0x00000000d98dfa80,0x00000000da100000)
  to   space 9216K, 0% used [0x00000000d8f00000,0x00000000d8f00000,0x00000000d9800000)
 ParOldGen       total 60416K, used 19551K [0x0000000086800000, 0x000000008a300000, 0x00000000d7800000)
  object space 60416K, 32% used [0x0000000086800000,0x0000000087b17c60,0x000000008a300000)
 Metaspace       used 23471K, capacity 23772K, committed 24192K, reserved 1071104K
  class space    used 3083K, capacity 3153K, committed 3200K, reserved 1048576K

Card table byte_map: [0x0000029778910000,0x0000029778ce0000] byte_map_base: 0x00000297784dc000

Marking Bits: (ParMarkBitMap*) 0x000000005cf17fe0
 Begin Bits: [0x0000029778f70000, 0x000002977add0000)
 End Bits:   [0x000002977add0000, 0x000002977cc30000)

Polling page: 0x0000029767ce0000

CodeCache: size=245760Kb used=14491Kb max_used=15021Kb free=231268Kb
 bounds [0x0000029769550000, 0x000002976a430000, 0x0000029778550000]
 total_blobs=4709 nmethods=4130 adapters=489
 compilation: enabled

Compilation events (10 events):
Event: 186.800 Thread 0x000002977e56d800 nmethod 5009 0x000002976a213fd0 code [0x000002976a214120, 0x000002976a2141f8]
Event: 190.521 Thread 0x000002977e572000 5010       4       javax.swing.plaf.metal.MetalScrollButton::paint (1099 bytes)
Event: 190.549 Thread 0x000002977e57f800 5011       1       sun.awt.NullComponentPeer::beginValidate (1 bytes)
Event: 190.549 Thread 0x000002977e57f800 nmethod 5011 0x0000029769d14f90 code [0x0000029769d150e0, 0x0000029769d151f8]
Event: 190.549 Thread 0x000002977e57f800 5012       1       sun.awt.NullComponentPeer::endValidate (1 bytes)
Event: 190.549 Thread 0x000002977e57f800 nmethod 5012 0x000002976a0a4210 code [0x000002976a0a4360, 0x000002976a0a4478]
Event: 190.665 Thread 0x000002977e572000 nmethod 5010 0x000002976a418950 code [0x000002976a419760, 0x000002976a420490]
Event: 190.677 Thread 0x000002977e576800 5013   !   4       javax.swing.JComponent::_paintImmediately (891 bytes)
Event: 190.688 Thread 0x000002977e56d800 5014       4       sun.java2d.loops.SurfaceType::pixelFor (10 bytes)
Event: 190.689 Thread 0x000002977e56d800 nmethod 5014 0x000002976a0c3210 code [0x000002976a0c3360, 0x000002976a0c3418]

GC Heap History (10 events):
Event: 135.511 GC heap before
{Heap before GC invocations=21 (full 1):
 PSYoungGen      total 24576K, used 24485K [0x00000000d7800000, 0x00000000da780000, 0x0000000100000000)
  eden space 24064K, 100% used [0x00000000d7800000,0x00000000d8f80000,0x00000000d8f80000)
  from space 512K, 82% used [0x00000000d9000000,0x00000000d90696f0,0x00000000d9080000)
  to   space 12288K, 0% used [0x00000000d9b80000,0x00000000d9b80000,0x00000000da780000)
 ParOldGen       total 60416K, used 19535K [0x0000000086800000, 0x000000008a300000, 0x00000000d7800000)
  object space 60416K, 32% used [0x0000000086800000,0x0000000087b13c60,0x000000008a300000)
 Metaspace       used 23428K, capacity 23708K, committed 23936K, reserved 1071104K
  class space    used 3082K, capacity 3153K, committed 3200K, reserved 1048576K
Event: 135.512 GC heap after
Heap after GC invocations=21 (full 1):
 PSYoungGen      total 33280K, used 400K [0x00000000d7800000, 0x00000000da500000, 0x0000000100000000)
  eden space 23552K, 0% used [0x00000000d7800000,0x00000000d7800000,0x00000000d8f00000)
  from space 9728K, 4% used [0x00000000d9b80000,0x00000000d9be4220,0x00000000da500000)
  to   space 11264K, 0% used [0x00000000d8f00000,0x00000000d8f00000,0x00000000d9a00000)
 ParOldGen       total 60416K, used 19543K [0x0000000086800000, 0x000000008a300000, 0x00000000d7800000)
  object space 60416K, 32% used [0x0000000086800000,0x0000000087b15c60,0x000000008a300000)
 Metaspace       used 23428K, capacity 23708K, committed 23936K, reserved 1071104K
  class space    used 3082K, capacity 3153K, committed 3200K, reserved 1048576K
}
Event: 139.102 GC heap before
{Heap before GC invocations=22 (full 1):
 PSYoungGen      total 33280K, used 23952K [0x00000000d7800000, 0x00000000da500000, 0x0000000100000000)
  eden space 23552K, 100% used [0x00000000d7800000,0x00000000d8f00000,0x00000000d8f00000)
  from space 9728K, 4% used [0x00000000d9b80000,0x00000000d9be4220,0x00000000da500000)
  to   space 11264K, 0% used [0x00000000d8f00000,0x00000000d8f00000,0x00000000d9a00000)
 ParOldGen       total 60416K, used 19543K [0x0000000086800000, 0x000000008a300000, 0x00000000d7800000)
  object space 60416K, 32% used [0x0000000086800000,0x0000000087b15c60,0x000000008a300000)
 Metaspace       used 23428K, capacity 23708K, committed 23936K, reserved 1071104K
  class space    used 3082K, capacity 3153K, committed 3200K, reserved 1048576K
Event: 139.103 GC heap after
Heap after GC invocations=22 (full 1):
 PSYoungGen      total 24064K, used 368K [0x00000000d7800000, 0x00000000da400000, 0x0000000100000000)
  eden space 23552K, 0% used [0x00000000d7800000,0x00000000d7800000,0x00000000d8f00000)
  from space 512K, 71% used [0x00000000d8f00000,0x00000000d8f5c220,0x00000000d8f80000)
  to   space 10752K, 0% used [0x00000000d9980000,0x00000000d9980000,0x00000000da400000)
 ParOldGen       total 60416K, used 19543K [0x0000000086800000, 0x000000008a300000, 0x00000000d7800000)
  object space 60416K, 32% used [0x0000000086800000,0x0000000087b15c60,0x000000008a300000)
 Metaspace       used 23428K, capacity 23708K, committed 23936K, reserved 1071104K
  class space    used 3082K, capacity 3153K, committed 3200K, reserved 1048576K
}
Event: 142.445 GC heap before
{Heap before GC invocations=23 (full 1):
 PSYoungGen      total 24064K, used 23920K [0x00000000d7800000, 0x00000000da400000, 0x0000000100000000)
  eden space 23552K, 100% used [0x00000000d7800000,0x00000000d8f00000,0x00000000d8f00000)
  from space 512K, 71% used [0x00000000d8f00000,0x00000000d8f5c220,0x00000000d8f80000)
  to   space 10752K, 0% used [0x00000000d9980000,0x00000000d9980000,0x00000000da400000)
 ParOldGen       total 60416K, used 19543K [0x0000000086800000, 0x000000008a300000, 0x00000000d7800000)
  object space 60416K, 32% used [0x0000000086800000,0x0000000087b15c60,0x000000008a300000)
 Metaspace       used 23451K, capacity 23772K, committed 24192K, reserved 1071104K
  class space    used 3083K, capacity 3153K, committed 3200K, reserved 1048576K
Event: 142.446 GC heap after
Heap after GC invocations=23 (full 1):
 PSYoungGen      total 33280K, used 446K [0x00000000d7800000, 0x00000000da300000, 0x0000000100000000)
  eden space 23552K, 0% used [0x00000000d7800000,0x00000000d7800000,0x00000000d8f00000)
  from space 9728K, 4% used [0x00000000d9980000,0x00000000d99efa80,0x00000000da300000)
  to   space 10240K, 0% used [0x00000000d8f00000,0x00000000d8f00000,0x00000000d9900000)
 ParOldGen       total 60416K, used 19551K [0x0000000086800000, 0x000000008a300000, 0x00000000d7800000)
  object space 60416K, 32% used [0x0000000086800000,0x0000000087b17c60,0x000000008a300000)
 Metaspace       used 23451K, capacity 23772K, committed 24192K, reserved 1071104K
  class space    used 3083K, capacity 3153K, committed 3200K, reserved 1048576K
}
Event: 183.357 GC heap before
{Heap before GC invocations=24 (full 1):
 PSYoungGen      total 33280K, used 23998K [0x00000000d7800000, 0x00000000da300000, 0x0000000100000000)
  eden space 23552K, 100% used [0x00000000d7800000,0x00000000d8f00000,0x00000000d8f00000)
  from space 9728K, 4% used [0x00000000d9980000,0x00000000d99efa80,0x00000000da300000)
  to   space 10240K, 0% used [0x00000000d8f00000,0x00000000d8f00000,0x00000000d9900000)
 ParOldGen       total 60416K, used 19551K [0x0000000086800000, 0x000000008a300000, 0x00000000d7800000)
  object space 60416K, 32% used [0x0000000086800000,0x0000000087b17c60,0x000000008a300000)
 Metaspace       used 23471K, capacity 23772K, committed 24192K, reserved 1071104K
  class space    used 3083K, capacity 3153K, committed 3200K, reserved 1048576K
Event: 183.358 GC heap after
Heap after GC invocations=24 (full 1):
 PSYoungGen      total 24064K, used 382K [0x00000000d7800000, 0x00000000da200000, 0x0000000100000000)
  eden space 23552K, 0% used [0x00000000d7800000,0x00000000d7800000,0x00000000d8f00000)
  from space 512K, 74% used [0x00000000d8f00000,0x00000000d8f5fa80,0x00000000d8f80000)
  to   space 9728K, 0% used [0x00000000d9880000,0x00000000d9880000,0x00000000da200000)
 ParOldGen       total 60416K, used 19551K [0x0000000086800000, 0x000000008a300000, 0x00000000d7800000)
  object space 60416K, 32% used [0x0000000086800000,0x0000000087b17c60,0x000000008a300000)
 Metaspace       used 23471K, capacity 23772K, committed 24192K, reserved 1071104K
  class space    used 3083K, capacity 3153K, committed 3200K, reserved 1048576K
}
Event: 190.592 GC heap before
{Heap before GC invocations=25 (full 1):
 PSYoungGen      total 24064K, used 23934K [0x00000000d7800000, 0x00000000da200000, 0x0000000100000000)
  eden space 23552K, 100% used [0x00000000d7800000,0x00000000d8f00000,0x00000000d8f00000)
  from space 512K, 74% used [0x00000000d8f00000,0x00000000d8f5fa80,0x00000000d8f80000)
  to   space 9728K, 0% used [0x00000000d9880000,0x00000000d9880000,0x00000000da200000)
 ParOldGen       total 60416K, used 19551K [0x0000000086800000, 0x000000008a300000, 0x00000000d7800000)
  object space 60416K, 32% used [0x0000000086800000,0x0000000087b17c60,0x000000008a300000)
 Metaspace       used 23471K, capacity 23772K, committed 24192K, reserved 1071104K
  class space    used 3083K, capacity 3153K, committed 3200K, reserved 1048576K
Event: 190.593 GC heap after
Heap after GC invocations=25 (full 1):
 PSYoungGen      total 32256K, used 382K [0x00000000d7800000, 0x00000000da100000, 0x0000000100000000)
  eden space 23552K, 0% used [0x00000000d7800000,0x00000000d7800000,0x00000000d8f00000)
  from space 8704K, 4% used [0x00000000d9880000,0x00000000d98dfa80,0x00000000da100000)
  to   space 9216K, 0% used [0x00000000d8f00000,0x00000000d8f00000,0x00000000d9800000)
 ParOldGen       total 60416K, used 19551K [0x0000000086800000, 0x000000008a300000, 0x00000000d7800000)
  object space 60416K, 32% used [0x0000000086800000,0x0000000087b17c60,0x000000008a300000)
 Metaspace       used 23471K, capacity 23772K, committed 24192K, reserved 1071104K
  class space    used 3083K, capacity 3153K, committed 3200K, reserved 1048576K
}

Deoptimization events (10 events):
Event: 89.503 Thread 0x00000297002bf800 Uncommon trap: reason=unstable_if action=reinterpret pc=0x0000029769944814 method=sun.java2d.SunGraphics2D.checkFontInfo(Lsun/java2d/loops/FontInfo;Ljava/awt/Font;Ljava/awt/font/FontRenderContext;)Lsun/java2d/loops/FontInfo; @ 396
Event: 129.402 Thread 0x00000297002bf800 Uncommon trap: reason=unstable_if action=reinterpret pc=0x000002976a0b20d8 method=com.cburch.logisim.data.Bounds.equals(Ljava/lang/Object;)Z @ 55
Event: 129.402 Thread 0x00000297002bf800 Uncommon trap: reason=unstable_if action=reinterpret pc=0x0000029769fb7e48 method=com.cburch.logisim.data.Bounds.equals(Ljava/lang/Object;)Z @ 33
Event: 129.406 Thread 0x00000297002bf800 Uncommon trap: reason=unstable_if action=reinterpret pc=0x000002976a03ba08 method=com.cburch.logisim.data.Bounds.equals(Ljava/lang/Object;)Z @ 55
Event: 130.153 Thread 0x00000297002bf800 Uncommon trap: reason=unstable_if action=reinterpret pc=0x000002976a020014 method=com.cburch.logisim.data.Bounds.equals(Ljava/lang/Object;)Z @ 33
Event: 141.056 Thread 0x00000297002bf800 Uncommon trap: reason=bimorphic action=maybe_recompile pc=0x000002976a3ad118 method=sun.java2d.pipe.ValidatePipe.drawString(Lsun/java2d/SunGraphics2D;Ljava/lang/String;DD)V @ 17
Event: 141.057 Thread 0x00000297002bf800 Uncommon trap: reason=bimorphic action=maybe_recompile pc=0x000002976a3ad118 method=sun.java2d.pipe.ValidatePipe.drawString(Lsun/java2d/SunGraphics2D;Ljava/lang/String;DD)V @ 17
Event: 141.057 Thread 0x00000297002bf800 Uncommon trap: reason=bimorphic action=maybe_recompile pc=0x000002976a3ad118 method=sun.java2d.pipe.ValidatePipe.drawString(Lsun/java2d/SunGraphics2D;Ljava/lang/String;DD)V @ 17
Event: 141.057 Thread 0x00000297002bf800 Uncommon trap: reason=bimorphic action=maybe_recompile pc=0x000002976a3ad118 method=sun.java2d.pipe.ValidatePipe.drawString(Lsun/java2d/SunGraphics2D;Ljava/lang/String;DD)V @ 17
Event: 144.094 Thread 0x00000297002bf800 Uncommon trap: reason=unstable_if action=reinterpret pc=0x0000029769fe0124 method=com.cburch.logisim.tools.EditTool.isWiringPoint(Lcom/cburch/logisim/gui/main/Canvas;Lcom/cburch/logisim/data/Location;I)Z @ 104

Classes redefined (0 events):
No events

Internal exceptions (10 events):
Event: 0.325 Thread 0x0000029767bde800 Exception <a 'java/io/FileNotFoundException'> (0x00000000d7f30d28) thrown at [C:\jenkins\workspace\8-2-build-windows-amd64-cygwin\jdk8u291\1294\hotspot\src\share\vm\prims\jni.cpp, line 710]
Event: 0.410 Thread 0x0000029767bde800 Exception <a 'java/io/FileNotFoundException'> (0x00000000d814f070) thrown at [C:\jenkins\workspace\8-2-build-windows-amd64-cygwin\jdk8u291\1294\hotspot\src\share\vm\prims\jni.cpp, line 710]
Event: 21.510 Thread 0x0000029767bde800 Exception <a 'java/net/ConnectException': Connection timed out: connect> (0x00000000d819da48) thrown at [C:\jenkins\workspace\8-2-build-windows-amd64-cygwin\jdk8u291\1294\hotspot\src\share\vm\prims\jni.cpp, line 737]
Event: 21.549 Thread 0x0000029767bde800 Implicit null exception at 0x000002976971123d to 0x00000297697116c5
Event: 21.645 Thread 0x0000029767bde800 Exception <a 'java/io/FileNotFoundException'> (0x00000000d836f728) thrown at [C:\jenkins\workspace\8-2-build-windows-amd64-cygwin\jdk8u291\1294\hotspot\src\share\vm\prims\jni.cpp, line 710]
Event: 21.645 Thread 0x0000029767bde800 Exception <a 'java/lang/NullPointerException'> (0x00000000d836fd60) thrown at [C:\jenkins\workspace\8-2-build-windows-amd64-cygwin\jdk8u291\1294\hotspot\src\share\vm\interpreter\linkResolver.cpp, line 1185]
Event: 22.934 Thread 0x0000029767bde800 Implicit null exception at 0x0000029769866c7b to 0x0000029769866cf1
Event: 37.721 Thread 0x00000297002bf800 Implicit null exception at 0x0000029769d6896d to 0x0000029769d68aed
Event: 51.111 Thread 0x00000297002bf800 Implicit null exception at 0x000002976a1136f0 to 0x000002976a113703
Event: 53.396 Thread 0x00000297002bf800 Implicit null exception at 0x0000029769cc657b to 0x0000029769cc7a39

Events (10 events):
Event: 144.094 Thread 0x00000297002bf800 DEOPT PACKING pc=0x0000029769fe0124 sp=0x000000a79e1fcf10
Event: 144.094 Thread 0x00000297002bf800 DEOPT UNPACKING pc=0x0000029769595843 sp=0x000000a79e1fcea8 mode 2
Event: 183.357 Executing VM operation: ParallelGCFailedAllocation
Event: 183.358 Executing VM operation: ParallelGCFailedAllocation done
Event: 185.037 Thread 0x00000297002bf800 DEOPT PACKING pc=0x0000029769a8c2ab sp=0x000000a79e1fd150
Event: 185.037 Thread 0x00000297002bf800 DEOPT UNPACKING pc=0x0000029769597898 sp=0x000000a79e1fcea0 mode 0
Event: 186.797 Thread 0x00000297002bf800 DEOPT PACKING pc=0x000002976a0eb5a0 sp=0x000000a79e1fe3f0
Event: 186.797 Thread 0x00000297002bf800 DEOPT UNPACKING pc=0x0000029769597898 sp=0x000000a79e1fe110 mode 0
Event: 190.592 Executing VM operation: ParallelGCFailedAllocation
Event: 190.593 Executing VM operation: ParallelGCFailedAllocation done


Dynamic libraries:
0x00007ff6fbdb0000 - 0x00007ff6fbdf7000 	C:\Program Files (x86)\Common Files\Oracle\Java\javapath\java.exe
0x00007ff9369f0000 - 0x00007ff936be5000 	C:\WINDOWS\SYSTEM32\ntdll.dll
0x00007ff935e80000 - 0x00007ff935f3d000 	C:\WINDOWS\System32\KERNEL32.DLL
0x00007ff934790000 - 0x00007ff934a58000 	C:\WINDOWS\System32\KERNELBASE.dll
0x00007ff935dd0000 - 0x00007ff935e7c000 	C:\WINDOWS\System32\ADVAPI32.dll
0x00007ff935f40000 - 0x00007ff935fde000 	C:\WINDOWS\System32\msvcrt.dll
0x00007ff936910000 - 0x00007ff9369ab000 	C:\WINDOWS\System32\sechost.dll
0x00007ff935630000 - 0x00007ff93575b000 	C:\WINDOWS\System32\RPCRT4.dll
0x00007ff9352e0000 - 0x00007ff935480000 	C:\WINDOWS\System32\USER32.dll
0x00007ff9341c0000 - 0x00007ff9341e2000 	C:\WINDOWS\System32\win32u.dll
0x00007ff935760000 - 0x00007ff93578a000 	C:\WINDOWS\System32\GDI32.dll
0x00007ff934240000 - 0x00007ff93434b000 	C:\WINDOWS\System32\gdi32full.dll
0x00007ff934690000 - 0x00007ff93472d000 	C:\WINDOWS\System32\msvcp_win.dll
0x00007ff934590000 - 0x00007ff934690000 	C:\WINDOWS\System32\ucrtbase.dll
0x00007ff9322d0000 - 0x00007ff93256a000 	C:\WINDOWS\WinSxS\amd64_microsoft.windows.common-controls_6595b64144ccf1df_6.0.19041.1052_none_60b8f8fd71f5e8cb\COMCTL32.dll
0x00007ff934a60000 - 0x00007ff934a90000 	C:\WINDOWS\System32\IMM32.DLL
0x00007ff925780000 - 0x00007ff925795000 	E:\jre\bin\vcruntime140.dll
0x00007ff90f660000 - 0x00007ff90f6fb000 	E:\jre\bin\msvcp140.dll
0x000000005c730000 - 0x000000005cf90000 	E:\jre\bin\server\jvm.dll
0x00007ff936110000 - 0x00007ff936118000 	C:\WINDOWS\System32\PSAPI.DLL
0x00007ff933db0000 - 0x00007ff933dba000 	C:\WINDOWS\SYSTEM32\VERSION.dll
0x00007ff918330000 - 0x00007ff918339000 	C:\WINDOWS\SYSTEM32\WSOCK32.dll
0x00007ff935480000 - 0x00007ff9354eb000 	C:\WINDOWS\System32\WS2_32.dll
0x00007ff9213a0000 - 0x00007ff9213c7000 	C:\WINDOWS\SYSTEM32\WINMM.dll
0x00007ff9311b0000 - 0x00007ff9311c2000 	C:\WINDOWS\SYSTEM32\kernel.appcore.dll
0x00007ff917020000 - 0x00007ff917030000 	E:\jre\bin\verify.dll
0x00007ff90f630000 - 0x00007ff90f65b000 	E:\jre\bin\java.dll
0x00007ff90f610000 - 0x00007ff90f628000 	E:\jre\bin\zip.dll
0x00007ff934ba0000 - 0x00007ff9352df000 	C:\WINDOWS\System32\SHELL32.dll
0x00007ff931b40000 - 0x00007ff9322d0000 	C:\WINDOWS\SYSTEM32\windows.storage.dll
0x00007ff935790000 - 0x00007ff935ae5000 	C:\WINDOWS\System32\combase.dll
0x00007ff933650000 - 0x00007ff93367c000 	C:\WINDOWS\SYSTEM32\Wldp.dll
0x00007ff936350000 - 0x00007ff9363fe000 	C:\WINDOWS\System32\SHCORE.dll
0x00007ff9355d0000 - 0x00007ff935625000 	C:\WINDOWS\System32\shlwapi.dll
0x00007ff934070000 - 0x00007ff93408f000 	C:\WINDOWS\SYSTEM32\profapi.dll
0x00007ff8d9fc0000 - 0x00007ff8da155000 	E:\jre\bin\awt.dll
0x00007ff935d00000 - 0x00007ff935dcd000 	C:\WINDOWS\System32\OLEAUT32.dll
0x00007ff930cd0000 - 0x00007ff930d60000 	C:\WINDOWS\SYSTEM32\apphelp.dll
0x00007ff930db0000 - 0x00007ff930e4e000 	C:\WINDOWS\system32\uxtheme.dll
0x00007ff935ff0000 - 0x00007ff936105000 	C:\WINDOWS\System32\MSCTF.dll
0x00007ff935b50000 - 0x00007ff935c7a000 	C:\WINDOWS\System32\ole32.dll
0x00007ff934130000 - 0x00007ff9341b3000 	C:\WINDOWS\System32\bcryptPrimitives.dll
0x00007ff930fa0000 - 0x00007ff930fcf000 	C:\WINDOWS\system32\DWMAPI.DLL
0x00007ff90f5f0000 - 0x00007ff90f60c000 	E:\jre\bin\net.dll
0x00007ff9332e0000 - 0x00007ff93334a000 	C:\WINDOWS\system32\mswsock.dll
0x00007ff933020000 - 0x00007ff9330ec000 	C:\WINDOWS\SYSTEM32\DNSAPI.dll
0x00007ff9334f0000 - 0x00007ff93352b000 	C:\WINDOWS\SYSTEM32\IPHLPAPI.DLL
0x00007ff936870000 - 0x00007ff936878000 	C:\WINDOWS\System32\NSI.dll
0x00007ff924420000 - 0x00007ff92442a000 	C:\Windows\System32\rasadhlp.dll
0x00007ff9245c0000 - 0x00007ff92463f000 	C:\WINDOWS\System32\fwpuclnt.dll
0x00007ff934350000 - 0x00007ff934377000 	C:\WINDOWS\System32\bcrypt.dll
0x00007ff908020000 - 0x00007ff908146000 	C:\WINDOWS\system32\opengl32.dll
0x00007ff907fb0000 - 0x00007ff907fdc000 	C:\WINDOWS\SYSTEM32\GLU32.dll
0x00007ff90f5a0000 - 0x00007ff90f5e9000 	E:\jre\bin\fontmanager.dll
0x00007ff916870000 - 0x00007ff916883000 	E:\jre\bin\nio.dll
0x00007ff90f550000 - 0x00007ff90f593000 	E:\jre\bin\t2k.dll
0x00007ff90f520000 - 0x00007ff90f54a000 	E:\jre\bin\dcpr.dll
0x00007ff934af0000 - 0x00007ff934b99000 	C:\WINDOWS\System32\clbcatq.dll
0x00007ff92d9e0000 - 0x00007ff92db94000 	C:\WINDOWS\SYSTEM32\WindowsCodecs.dll
0x00007ff908d50000 - 0x00007ff908d8e000 	C:\WINDOWS\system32\dataexchange.dll
0x00007ff92f800000 - 0x00007ff92fa64000 	C:\WINDOWS\system32\d3d11.dll
0x00007ff930030000 - 0x00007ff930216000 	C:\WINDOWS\system32\dcomp.dll
0x00007ff9325c0000 - 0x00007ff9326b4000 	C:\WINDOWS\system32\dxgi.dll
0x00007ff92dbd0000 - 0x00007ff92ddd1000 	C:\WINDOWS\system32\twinapi.appcore.dll
0x00007ff923360000 - 0x00007ff923459000 	C:\WINDOWS\SYSTEM32\textinputframework.dll
0x00007ff930930000 - 0x00007ff930a22000 	C:\WINDOWS\System32\CoreMessaging.dll
0x00007ff930220000 - 0x00007ff93057e000 	C:\WINDOWS\System32\CoreUIComponents.dll
0x00007ff933d40000 - 0x00007ff933d73000 	C:\WINDOWS\SYSTEM32\ntmarta.dll
0x00007ff92f240000 - 0x00007ff92f394000 	C:\WINDOWS\SYSTEM32\wintypes.dll
0x00007ff931410000 - 0x00007ff9314c0000 	C:\WINDOWS\WinSxS\amd64_microsoft.windows.common-controls_6595b64144ccf1df_5.82.19041.844_none_423537bff6b9828c\comctl32.dll
0x00007ff9341f0000 - 0x00007ff93423e000 	C:\WINDOWS\System32\CFGMGR32.dll
0x00007ff906c10000 - 0x00007ff906c27000 	C:\WINDOWS\system32\NetworkExplorer.dll
0x00007ff92ef60000 - 0x00007ff92f056000 	C:\WINDOWS\system32\PROPSYS.dll
0x00007ff914b60000 - 0x00007ff914b7d000 	C:\WINDOWS\SYSTEM32\MPR.dll
0x00007ff930a40000 - 0x00007ff930a4b000 	C:\WINDOWS\System32\drprov.dll
0x00007ff933dc0000 - 0x00007ff933e1a000 	C:\WINDOWS\System32\WINSTA.dll
0x00007ff92f0a0000 - 0x00007ff92f0b8000 	C:\WINDOWS\System32\ntlanman.dll
0x00007ff923720000 - 0x00007ff92373e000 	C:\WINDOWS\System32\davclnt.dll
0x00007ff930a30000 - 0x00007ff930a3d000 	C:\WINDOWS\System32\DAVHLPR.dll
0x00007ff9333a0000 - 0x00007ff9333b7000 	C:\WINDOWS\System32\wkscli.dll
0x00007ff911320000 - 0x00007ff911332000 	C:\WINDOWS\SYSTEM32\cscapi.dll
0x00007ff9333c0000 - 0x00007ff9333cc000 	C:\WINDOWS\System32\netutils.dll
0x00007ff8f3060000 - 0x00007ff8f30b8000 	C:\Windows\System32\dlnashext.dll
0x00007ff8f0190000 - 0x00007ff8f01f4000 	C:\Windows\System32\PlayToDevice.dll
0x00007ff91f6e0000 - 0x00007ff91f700000 	C:\Windows\System32\DevDispItemProvider.dll
0x00007ff924db0000 - 0x00007ff924e35000 	C:\WINDOWS\System32\MMDevApi.dll
0x00007ff933e20000 - 0x00007ff933e4c000 	C:\WINDOWS\System32\DEVOBJ.dll
0x00007ff8d9c00000 - 0x00007ff8d9ca3000 	C:\WINDOWS\system32\wpdshext.dll
0x00007ff90d820000 - 0x00007ff90d9cb000 	C:\WINDOWS\WinSxS\amd64_microsoft.windows.gdiplus_6595b64144ccf1df_1.1.19041.1023_none_91a0d43ccc8b3035\gdiplus.dll
0x00007ff92b3c0000 - 0x00007ff92b463000 	C:\Windows\System32\PortableDeviceApi.dll
0x00007ff936400000 - 0x00007ff936869000 	C:\WINDOWS\System32\SETUPAPI.dll
0x00007ff934730000 - 0x00007ff934790000 	C:\WINDOWS\System32\WINTRUST.dll
0x00007ff934380000 - 0x00007ff9344df000 	C:\WINDOWS\System32\CRYPT32.dll
0x00007ff933800000 - 0x00007ff933812000 	C:\WINDOWS\System32\MSASN1.dll
0x00007ff906930000 - 0x00007ff906967000 	C:\Windows\System32\EhStorShell.dll
0x00007ff8f2a30000 - 0x00007ff8f2a56000 	C:\Windows\System32\EhStorAPI.dll
0x00007ff92f0c0000 - 0x00007ff92f0d4000 	C:\Windows\System32\WTSAPI32.dll
0x00007ff907360000 - 0x00007ff90736d000 	C:\WINDOWS\SYSTEM32\LINKINFO.dll
0x00007ff933a70000 - 0x00007ff933c54000 	C:\WINDOWS\SYSTEM32\dbghelp.dll

VM Arguments:
java_command: logisim-evolution.jar
java_class_path (initial): logisim-evolution.jar
Launcher Type: SUN_STANDARD

Environment Variables:
JAVA_HOME=E:\java\jdk
CLASSPATH=.;E:\java\jdk\lib;E:\java\jdk\lib\tools.jar
PATH=C:\Program Files (x86)\Common Files\Oracle\Java\javapath;C:\WINDOWS\system32;C:\WINDOWS;C:\WINDOWS\System32\Wbem;C:\WINDOWS\System32\WindowsPowerShell\v1.0\;C:\WINDOWS\System32\OpenSSH\;E:\Matlab 2018b\runtime\win64;E:\Matlab 2018b\bin;E:\Git\cmd;E:\java\jdk\bin;C:\MinGW\bin;C:\Users\Lenovo\AppData\Local\Programs\Python\Python38\Scripts\;C:\Users\Lenovo\AppData\Local\Programs\Python\Python38\;C:\Users\Lenovo\AppData\Local\Microsoft\WindowsApps;;C:\Users\Lenovo\AppData\Local\Programs\Microsoft VS Code\bin
USERNAME=Lenovo
OS=Windows_NT
PROCESSOR_IDENTIFIER=Intel64 Family 6 Model 142 Stepping 12, GenuineIntel



---------------  S Y S T E M  ---------------

OS: Windows 10.0 , 64 bit Build 19041 (10.0.19041.1023)

CPU:total 8 (initial active 8) (4 cores per cpu, 2 threads per core) family 6 model 142 stepping 12, cmov, cx8, fxsr, mmx, sse, sse2, sse3, ssse3, sse4.1, sse4.2, popcnt, avx, avx2, aes, clmul, erms, 3dnowpref, lzcnt, ht, tsc, tscinvbit, bmi1, bmi2, adx

Memory: 4k page, physical 7960200k(4068688k free), swap 16348808k(11075276k free)

vm_info: Java HotSpot(TM) 64-Bit Server VM (25.291-b10) for windows-amd64 JRE (1.8.0_291-b10), built on Apr  9 2021 00:02:00 by "java_re" with MS VC++ 15.9 (VS2017)

time: Thu Jun 17 12:43:19 2021
timezone: 中国标准时间
elapsed time: 190.967371 seconds (0d 0h 3m 10s)

